<?xml version="1.0" encoding="UTF-8"?>
<testsuite xmlns:xsi="http://www.w3.org/2001/XMLSchema-instance" xsi:noNamespaceSchemaLocation="https://maven.apache.org/surefire/maven-surefire-plugin/xsd/surefire-test-report.xsd" name="Tests" time="0.084" tests="10" errors="0" skipped="0" failures="0">
  <properties>
[...]
</properties>
  <testcase name="elPrecioDeUnSacoEnPromocionEsSuPrecioBaseMenosElDescuento" classname="Tests" time="0.047"/>
  <testcase name="elPrecioDeUnaVentaConTarjetaCincoCuotasAUnDiezPorcientoDeUnSacoEnPromocionYDosPantalonesNuevos" classname="Tests" time="0.016"/>
  <testcase name="elPrecioDeUnaCamisaEnLiquidacionEsLaMitadDeSuPrecioBase" classname="Tests" time="0"/>
  <testcase name="elPrecioDeUnPantalonNuevoEsSuPrecioBase" classname="Tests" time="0"/>
  <testcase name="elPrecioDeUnaCamisaNuevaEsSuPrecioBase" classname="Tests" time="0"/>
  <testcase name="elPrecioDeUnaVentaEnEfectivoNoSeModifica" classname="Tests" time="0"/>
  <testcase name="elTipoDeUnSacoEnLiquidacionEsSACO" classname="Tests" time="0"/>
  <testcase name="elPrecioDeUnSacoEnLiquidacionEsSuLaMitadDeSuPrecioBase" classname="Tests" time="0"/>
  <testcase name="elTipoDeUnaCamisaNuevaEsCAMISA" classname="Tests" time="0"/>
  <testcase name="elPrecioDeUnPantalonEnPromocionEsSuPrecioBaseMenosSuDecuento" classname="Tests" time="0"/>
</testsuite>